c:\users\kappu\desktop\uni mcomp\data structures\tutorials\16086937_particle_collision\debug\vc142.pdb
c:\users\kappu\desktop\uni mcomp\data structures\tutorials\16086937_particle_collision\debug\vc142.idb
c:\users\kappu\desktop\uni mcomp\data structures\tutorials\16086937_particle_collision\debug\pworld.obj
c:\users\kappu\desktop\uni mcomp\data structures\tutorials\16086937_particle_collision\debug\pcontacts.obj
c:\users\kappu\desktop\uni mcomp\data structures\tutorials\16086937_particle_collision\debug\particle.obj
c:\users\kappu\desktop\uni mcomp\data structures\tutorials\16086937_particle_collision\debug\main.obj
c:\users\kappu\desktop\uni mcomp\data structures\tutorials\16086937_particle_collision\debug\blobdemo.obj
c:\users\kappu\desktop\uni mcomp\data structures\tutorials\16086937_particle_collision\debug\app.obj
c:\users\kappu\desktop\uni mcomp\data structures\tutorials\16086937_particle_collision\debug\sphere.ilk
c:\users\kappu\desktop\uni mcomp\data structures\tutorials\16086937_particle_collision\debug\sphere.exe
c:\users\kappu\desktop\uni mcomp\data structures\tutorials\16086937_particle_collision\debug\sphere.pdb
c:\users\kappu\desktop\uni mcomp\data structures\tutorials\16086937_particle_collision\debug\..\debug\sphere.pdb
c:\users\kappu\desktop\uni mcomp\data structures\tutorials\16086937_particle_collision\sphere\..\debug\sphere.exe
c:\users\kappu\desktop\uni mcomp\data structures\tutorials\16086937_particle_collision\debug\..\debug\sphere.ilk
c:\users\kappu\desktop\uni mcomp\data structures\tutorials\16086937_particle_collision\debug\sphere.tlog\cl.command.1.tlog
c:\users\kappu\desktop\uni mcomp\data structures\tutorials\16086937_particle_collision\debug\sphere.tlog\cl.read.1.tlog
c:\users\kappu\desktop\uni mcomp\data structures\tutorials\16086937_particle_collision\debug\sphere.tlog\cl.write.1.tlog
c:\users\kappu\desktop\uni mcomp\data structures\tutorials\16086937_particle_collision\debug\sphere.tlog\link.command.1.tlog
c:\users\kappu\desktop\uni mcomp\data structures\tutorials\16086937_particle_collision\debug\sphere.tlog\link.read.1.tlog
c:\users\kappu\desktop\uni mcomp\data structures\tutorials\16086937_particle_collision\debug\sphere.tlog\link.write.1.tlog
