C:\Program Files (x86)\Microsoft Visual Studio\2019\Community\MSBuild\Microsoft\VC\v160\Microsoft.CppBuild.targets(437,5): warning MSB8004: Intermediate Directory does not end with a trailing slash.  This build instance will add the slash as it is required to allow proper evaluation of the Intermediate Directory.
C:\Program Files (x86)\Microsoft Visual Studio\2019\Community\MSBuild\Microsoft\VC\v160\Microsoft.CppBuild.targets(438,5): warning MSB8004: Output Directory does not end with a trailing slash.  This build instance will add the slash as it is required to allow proper evaluation of the Output Directory.
  app.cpp
  BlobDemo.cpp
C:\Users\kappu\Desktop\Uni MComp\Data structures\Tutorials\16086937_Particle_Collision\src\BlobDemo.cpp(20,50): warning C4305: 'argument': truncation from 'double' to 'const float'
C:\Users\kappu\Desktop\Uni MComp\Data structures\Tutorials\16086937_Particle_Collision\src\BlobDemo.cpp(52,25): warning C4018: '<': signed/unsigned mismatch
C:\Users\kappu\Desktop\Uni MComp\Data structures\Tutorials\16086937_Particle_Collision\src\BlobDemo.cpp(183,21): warning C4305: 'initializing': truncation from 'double' to 'float'
C:\Users\kappu\Desktop\Uni MComp\Data structures\Tutorials\16086937_Particle_Collision\src\BlobDemo.cpp(194,32): warning C4305: '=': truncation from 'double' to 'float'
C:\Users\kappu\Desktop\Uni MComp\Data structures\Tutorials\16086937_Particle_Collision\src\BlobDemo.cpp(214,32): warning C4305: '=': truncation from 'double' to 'float'
C:\Users\kappu\Desktop\Uni MComp\Data structures\Tutorials\16086937_Particle_Collision\src\BlobDemo.cpp(219,33): warning C4305: '=': truncation from 'double' to 'float'
C:\Users\kappu\Desktop\Uni MComp\Data structures\Tutorials\16086937_Particle_Collision\src\BlobDemo.cpp(229,25): warning C4018: '<': signed/unsigned mismatch
  main.cpp
  particle.cpp
C:\Users\kappu\Desktop\Uni MComp\Data structures\Tutorials\16086937_Particle_Collision\src\BlobDemo.cpp(277,25): warning C4018: '<': signed/unsigned mismatch
C:\Users\kappu\Desktop\Uni MComp\Data structures\Tutorials\16086937_Particle_Collision\include\coreMath.h(143,24): warning C4244: 'return': conversion from 'double' to 'float', possible loss of data
C:\Users\kappu\Desktop\Uni MComp\Data structures\Tutorials\16086937_Particle_Collision\src\particle.cpp(25,17): warning C4244: 'argument': conversion from 'double' to 'const float', possible loss of data
  pcontacts.cpp
C:\Users\kappu\Desktop\Uni MComp\Data structures\Tutorials\16086937_Particle_Collision\src\particle.cpp(40,23): warning C4056: overflow in floating-point constant arithmetic
C:\Users\kappu\Desktop\Uni MComp\Data structures\Tutorials\16086937_Particle_Collision\include\coreMath.h(143,24): warning C4244: 'return': conversion from 'double' to 'float', possible loss of data
C:\Users\kappu\Desktop\Uni MComp\Data structures\Tutorials\16086937_Particle_Collision\src\pcontacts.cpp(119,28): warning C4056: overflow in floating-point constant arithmetic
  pworld.cpp
C:\Users\kappu\Desktop\Uni MComp\Data structures\Tutorials\16086937_Particle_Collision\src\pcontacts.cpp(172,31): warning C4018: '<': signed/unsigned mismatch
  Generating Code...
C:\Users\kappu\Desktop\Uni MComp\Data structures\Tutorials\16086937_Particle_Collision\include\coreMath.h(143,24): warning C4244: 'return': conversion from 'double' to 'float', possible loss of data
  LINK : program database C:\Users\kappu\Desktop\Uni MComp\Data structures\Tutorials\16086937_Particle_Collision\Debug\Sphere.pdb missing; performing full link
  Sphere.vcxproj -> C:\Users\kappu\Desktop\Uni MComp\Data structures\Tutorials\16086937_Particle_Collision\Sphere\..\Debug\Sphere.exe
